Android/NativeShell/build/outputs/logs/manifest-merger-amazon-debug-report.txt
-- Merging decision tree log ---
manifest
ADDED from Android\NativeShell\AndroidManifest.xml:1:39-194:12
	package
		ADDED from Android\NativeShell\AndroidManifest.xml:2:5-32
		INJECTED from Android\NativeShell\AndroidManifest.xml
		INJECTED from Android\NativeShell\AndroidManifest.xml
	android:versionName
		ADDED from Android\NativeShell\AndroidManifest.xml:4:5-38
		INJECTED from Android\NativeShell\AndroidManifest.xml
		INJECTED from Android\NativeShell\AndroidManifest.xml
	android:versionCode
		ADDED from Android\NativeShell\AndroidManifest.xml:3:5-28
		INJECTED from Android\NativeShell\AndroidManifest.xml
		INJECTED from Android\NativeShell\AndroidManifest.xml
	xmlns:android
		ADDED from Android\NativeShell\AndroidManifest.xml:1:49-107
supports-screens
ADDED from Android\NativeShell\AndroidManifest.xml:6:2-10:63
	android:largeScreens
		ADDED from Android\NativeShell\AndroidManifest.xml:8:23-50
	android:smallScreens
		ADDED from Android\NativeShell\AndroidManifest.xml:6:20-48
	android:normalScreens
		ADDED from Android\NativeShell\AndroidManifest.xml:7:23-51
	android:requiresSmallestWidthDp
		ADDED from Android\NativeShell\AndroidManifest.xml:10:23-60
	android:xlargeScreens
		ADDED from Android\NativeShell\AndroidManifest.xml:9:23-51
uses-sdk
ADDED from Android\NativeShell\AndroidManifest.xml:12:5-14:41
MERGED from [Android:Hybrid:unspecified] AndroidManifest.xml:7:5-9:41
MERGED from [com.google.android.gms:play-services:7.0.0] AndroidManifest.xml:18:5-42
MERGED from [com.google.android.gms:play-services-appindexing:7.0.0] AndroidManifest.xml:18:5-42
MERGED from [com.google.android.gms:play-services-appstate:7.0.0] AndroidManifest.xml:18:5-42
MERGED from [com.google.android.gms:play-services-cast:7.0.0] AndroidManifest.xml:18:5-42
MERGED from [com.google.android.gms:play-services-fitness:7.0.0] AndroidManifest.xml:18:5-42
MERGED from [com.google.android.gms:play-services-games:7.0.0] AndroidManifest.xml:18:5-42
MERGED from [com.google.android.gms:play-services-drive:7.0.0] AndroidManifest.xml:18:5-42
MERGED from [com.google.android.gms:play-services-gcm:7.0.0] AndroidManifest.xml:18:5-42
MERGED from [com.google.android.gms:play-services-location:7.0.0] AndroidManifest.xml:18:5-42
MERGED from [com.google.android.gms:play-services-nearby:7.0.0] AndroidManifest.xml:18:5-42
MERGED from [com.google.android.gms:play-services-panorama:7.0.0] AndroidManifest.xml:18:5-42
MERGED from [com.google.android.gms:play-services-plus:7.0.0] AndroidManifest.xml:18:5-42
MERGED from [com.google.android.gms:play-services-safetynet:7.0.0] AndroidManifest.xml:18:5-42
MERGED from [com.google.android.gms:play-services-wallet:7.0.0] AndroidManifest.xml:18:5-42
MERGED from [com.google.android.gms:play-services-identity:7.0.0] AndroidManifest.xml:18:5-42
MERGED from [com.google.android.gms:play-services-maps:7.0.0] AndroidManifest.xml:18:5-42
MERGED from [com.google.android.gms:play-services-wearable:7.0.0] AndroidManifest.xml:18:5-42
MERGED from [com.google.android.gms:play-services-ads:7.0.0] AndroidManifest.xml:18:5-42
MERGED from [com.google.android.gms:play-services-analytics:7.0.0] AndroidManifest.xml:18:5-42
MERGED from [com.google.android.gms:play-services-base:7.0.0] AndroidManifest.xml:18:5-42
MERGED from [com.android.support:design:23.2.0] AndroidManifest.xml:20:5-43
MERGED from [com.android.support:recyclerview-v7:23.2.0] AndroidManifest.xml:20:5-43
MERGED from [com.android.support:appcompat-v7:23.2.0] AndroidManifest.xml:21:5-23:78
MERGED from [com.android.support:animated-vector-drawable:23.2.0] AndroidManifest.xml:5:5-44
MERGED from [com.android.support:support-vector-drawable:23.2.0] AndroidManifest.xml:5:5-43
MERGED from [com.facebook.android:facebook-android-sdk:4.2.0] AndroidManifest.xml:24:5-26:41
MERGED from [com.android.support:support-v4:23.2.0] AndroidManifest.xml:20:5-43
MERGED from [com.crashlytics.sdk.android:crashlytics:2.5.1] AndroidManifest.xml:7:5-43
MERGED from [com.crashlytics.sdk.android:beta:1.1.3] AndroidManifest.xml:7:5-43
MERGED from [com.crashlytics.sdk.android:crashlytics-ndk:1.1.1] AndroidManifest.xml:8:5-43
MERGED from [com.crashlytics.sdk.android:crashlytics-core:2.3.4] AndroidManifest.xml:7:5-43
MERGED from [com.crashlytics.sdk.android:answers:1.3.1] AndroidManifest.xml:7:5-43
MERGED from [io.fabric.sdk.android:fabric:1.3.5] AndroidManifest.xml:23:5-43
MERGED from [de.hdodenhof:circleimageview:1.3.0] AndroidManifest.xml:5:5-7:41
MERGED from [com.android.support:multidex:1.0.1] AndroidManifest.xml:18:5-42
	tools:overrideLibrary
		ADDED from [com.android.support:appcompat-v7:23.2.0] AndroidManifest.xml:23:9-75
	android:targetSdkVersion
		ADDED from Android\NativeShell\AndroidManifest.xml:14:9-38
		INJECTED from Android\NativeShell\AndroidManifest.xml
		INJECTED from Android\NativeShell\AndroidManifest.xml
	android:minSdkVersion
		ADDED from Android\NativeShell\AndroidManifest.xml:13:9-35
uses-permission#com.android.vending.BILLING
ADDED from Android\NativeShell\AndroidManifest.xml:16:3-65
	android:name
		ADDED from Android\NativeShell\AndroidManifest.xml:16:20-62
uses-permission#android.permission.INTERNET
ADDED from Android\NativeShell\AndroidManifest.xml:17:3-65
MERGED from [com.crashlytics.sdk.android:crashlytics:2.5.1] AndroidManifest.xml:9:5-67
MERGED from [com.crashlytics.sdk.android:crashlytics-core:2.3.4] AndroidManifest.xml:9:5-67
MERGED from [com.crashlytics.sdk.android:answers:1.3.1] AndroidManifest.xml:9:5-67
	android:name
		ADDED from Android\NativeShell\AndroidManifest.xml:17:20-62
uses-permission#android.permission.ACCESS_NETWORK_STATE
ADDED from Android\NativeShell\AndroidManifest.xml:18:3-76
	android:name
		ADDED from Android\NativeShell\AndroidManifest.xml:18:20-74
uses-permission#android.permission.GET_TASKS
ADDED from Android\NativeShell\AndroidManifest.xml:19:3-65
	android:name
		ADDED from Android\NativeShell\AndroidManifest.xml:19:20-63
uses-permission#android.permission.READ_EXTERNAL_STORAGE
ADDED from Android\NativeShell\AndroidManifest.xml:20:3-78
	android:name
		ADDED from Android\NativeShell\AndroidManifest.xml:20:20-75
uses-permission#android.permission.WRITE_EXTERNAL_STORAGE
ADDED from Android\NativeShell\AndroidManifest.xml:21:3-79
	android:name
		ADDED from Android\NativeShell\AndroidManifest.xml:21:20-76
uses-permission#android.permission.ACCESS_WIFI_STATE
ADDED from Android\NativeShell\AndroidManifest.xml:22:3-74
	android:name
		ADDED from Android\NativeShell\AndroidManifest.xml:22:20-71
uses-permission#android.permission.BLUETOOTH
ADDED from Android\NativeShell\AndroidManifest.xml:23:3-66
	android:name
		ADDED from Android\NativeShell\AndroidManifest.xml:23:20-63
uses-permission#android.permission.KILL_BACKGROUND_PROCESSES
ADDED from Android\NativeShell\AndroidManifest.xml:24:3-82
	android:name
		ADDED from Android\NativeShell\AndroidManifest.xml:24:20-79
uses-feature#0x00020000
ADDED from Android\NativeShell\AndroidManifest.xml:26:3-76
	android:glEsVersion
		ADDED from Android\NativeShell\AndroidManifest.xml:26:17-49
	android:required
		ADDED from Android\NativeShell\AndroidManifest.xml:26:50-73
uses-feature#android.hardware.bluetooth
ADDED from Android\NativeShell\AndroidManifest.xml:27:3-86
	android:required
		ADDED from Android\NativeShell\AndroidManifest.xml:27:59-83
	android:name
		ADDED from Android\NativeShell\AndroidManifest.xml:27:17-58
application
ADDED from Android\NativeShell\AndroidManifest.xml:29:3-193:17
MERGED from [com.google.android.gms:play-services:7.0.0] AndroidManifest.xml:19:5-20
MERGED from [com.google.android.gms:play-services-appindexing:7.0.0] AndroidManifest.xml:19:5-20
MERGED from [com.google.android.gms:play-services-appstate:7.0.0] AndroidManifest.xml:19:5-20
MERGED from [com.google.android.gms:play-services-cast:7.0.0] AndroidManifest.xml:19:5-20
MERGED from [com.google.android.gms:play-services-fitness:7.0.0] AndroidManifest.xml:19:5-20
MERGED from [com.google.android.gms:play-services-games:7.0.0] AndroidManifest.xml:19:5-20
MERGED from [com.google.android.gms:play-services-drive:7.0.0] AndroidManifest.xml:19:5-20
MERGED from [com.google.android.gms:play-services-gcm:7.0.0] AndroidManifest.xml:19:5-20
MERGED from [com.google.android.gms:play-services-location:7.0.0] AndroidManifest.xml:19:5-20
MERGED from [com.google.android.gms:play-services-nearby:7.0.0] AndroidManifest.xml:19:5-20
MERGED from [com.google.android.gms:play-services-panorama:7.0.0] AndroidManifest.xml:19:5-20
MERGED from [com.google.android.gms:play-services-plus:7.0.0] AndroidManifest.xml:19:5-20
MERGED from [com.google.android.gms:play-services-safetynet:7.0.0] AndroidManifest.xml:19:5-20
MERGED from [com.google.android.gms:play-services-wallet:7.0.0] AndroidManifest.xml:19:5-20
MERGED from [com.google.android.gms:play-services-identity:7.0.0] AndroidManifest.xml:19:5-20
MERGED from [com.google.android.gms:play-services-maps:7.0.0] AndroidManifest.xml:19:5-20
MERGED from [com.google.android.gms:play-services-wearable:7.0.0] AndroidManifest.xml:19:5-20
MERGED from [com.google.android.gms:play-services-ads:7.0.0] AndroidManifest.xml:19:5-20
MERGED from [com.google.android.gms:play-services-analytics:7.0.0] AndroidManifest.xml:19:5-20
MERGED from [com.google.android.gms:play-services-base:7.0.0] AndroidManifest.xml:20:5-24:19
MERGED from [com.android.support:design:23.2.0] AndroidManifest.xml:22:5-20
MERGED from [com.android.support:appcompat-v7:23.2.0] AndroidManifest.xml:25:5-20
MERGED from [com.android.support:animated-vector-drawable:23.2.0] AndroidManifest.xml:7:5-20
MERGED from [com.android.support:support-vector-drawable:23.2.0] AndroidManifest.xml:7:5-20
MERGED from [com.facebook.android:facebook-android-sdk:4.2.0] AndroidManifest.xml:28:5-20
MERGED from [com.android.support:support-v4:23.2.0] AndroidManifest.xml:22:5-20
MERGED from [com.crashlytics.sdk.android:crashlytics:2.5.1] AndroidManifest.xml:11:5-20
MERGED from [com.crashlytics.sdk.android:beta:1.1.3] AndroidManifest.xml:9:5-20
MERGED from [com.crashlytics.sdk.android:crashlytics-ndk:1.1.1] AndroidManifest.xml:10:5-20
MERGED from [com.crashlytics.sdk.android:crashlytics-core:2.3.4] AndroidManifest.xml:11:5-20
MERGED from [com.crashlytics.sdk.android:answers:1.3.1] AndroidManifest.xml:11:5-20
MERGED from [io.fabric.sdk.android:fabric:1.3.5] AndroidManifest.xml:25:5-20
MERGED from [de.hdodenhof:circleimageview:1.3.0] AndroidManifest.xml:9:5-20
	android:label
		ADDED from Android\NativeShell\AndroidManifest.xml:35:9-43
	android:hardwareAccelerated
		ADDED from Android\NativeShell\AndroidManifest.xml:33:9-43
	android:allowBackup
		ADDED from Android\NativeShell\AndroidManifest.xml:32:9-35
	android:icon
		ADDED from Android\NativeShell\AndroidManifest.xml:34:9-45
	android:largeHeap
		ADDED from Android\NativeShell\AndroidManifest.xml:31:3-27
	android:theme
		ADDED from Android\NativeShell\AndroidManifest.xml:36:9-55
	android:name
		ADDED from Android\NativeShell\AndroidManifest.xml:30:3-53
meta-data#com.google.android.gms.version
ADDED from Android\NativeShell\AndroidManifest.xml:38:2-40:62
MERGED from [com.google.android.gms:play-services-base:7.0.0] AndroidManifest.xml:21:9-23:69
	android:value
		ADDED from Android\NativeShell\AndroidManifest.xml:40:6-59
	android:name
		ADDED from Android\NativeShell\AndroidManifest.xml:39:6-51
meta-data#com.crashlytics.ApiKey
ADDED from Android\NativeShell\AndroidManifest.xml:42:5-44:67
	android:value
		ADDED from Android\NativeShell\AndroidManifest.xml:44:9-65
	android:name
		ADDED from Android\NativeShell\AndroidManifest.xml:43:9-46
service#com.roblox.client.RobloxService
ADDED from Android\NativeShell\AndroidManifest.xml:46:5-49:36
	android:exported
		ADDED from Android\NativeShell\AndroidManifest.xml:49:9-33
	android:stopWithTask
		ADDED from Android\NativeShell\AndroidManifest.xml:48:9-37
	android:name
		ADDED from Android\NativeShell\AndroidManifest.xml:47:9-55
activity#com.roblox.client.ActivityStart
ADDED from Android\NativeShell\AndroidManifest.xml:52:5-62:16
	android:label
		ADDED from Android\NativeShell\AndroidManifest.xml:55:9-43
	android:windowSoftInputMode
		ADDED from Android\NativeShell\AndroidManifest.xml:54:9-48
	android:alwaysRetainTaskState
		ADDED from Android\NativeShell\AndroidManifest.xml:57:9-45
	android:theme
		ADDED from Android\NativeShell\AndroidManifest.xml:56:9-44
	android:name
		ADDED from Android\NativeShell\AndroidManifest.xml:53:9-38
intent-filter#android.intent.action.MAIN+android.intent.category.DEFAULT
ADDED from Android\NativeShell\AndroidManifest.xml:58:9-61:25
action#android.intent.action.MAIN
ADDED from Android\NativeShell\AndroidManifest.xml:59:13-65
	android:name
		ADDED from Android\NativeShell\AndroidManifest.xml:59:21-62
category#android.intent.category.DEFAULT
ADDED from Android\NativeShell\AndroidManifest.xml:60:13-72
	android:name
		ADDED from Android\NativeShell\AndroidManifest.xml:60:23-69
activity#com.roblox.client.ActivitySplash
ADDED from Android\NativeShell\AndroidManifest.xml:63:7-78:18
	android:label
		ADDED from Android\NativeShell\AndroidManifest.xml:65:11-45
	android:windowSoftInputMode
		ADDED from Android\NativeShell\AndroidManifest.xml:64:11-50
	android:alwaysRetainTaskState
		ADDED from Android\NativeShell\AndroidManifest.xml:67:11-47
	android:theme
		ADDED from Android\NativeShell\AndroidManifest.xml:66:11-46
	android:name
		ADDED from Android\NativeShell\AndroidManifest.xml:63:17-47
intent-filter#android.intent.action.MAIN+android.intent.category.LAUNCHER
ADDED from Android\NativeShell\AndroidManifest.xml:68:11-71:27
category#android.intent.category.LAUNCHER
ADDED from Android\NativeShell\AndroidManifest.xml:69:15-75
	android:name
		ADDED from Android\NativeShell\AndroidManifest.xml:69:25-72
intent-filter#android.intent.action.VIEW+android.intent.category.BROWSABLE+android.intent.category.DEFAULT
ADDED from Android\NativeShell\AndroidManifest.xml:72:11-77:27
action#android.intent.action.VIEW
ADDED from Android\NativeShell\AndroidManifest.xml:73:15-67
	android:name
		ADDED from Android\NativeShell\AndroidManifest.xml:73:23-64
category#android.intent.category.BROWSABLE
ADDED from Android\NativeShell\AndroidManifest.xml:75:15-76
	android:name
		ADDED from Android\NativeShell\AndroidManifest.xml:75:25-73
data
ADDED from Android\NativeShell\AndroidManifest.xml:76:15-53
	android:scheme
		ADDED from Android\NativeShell\AndroidManifest.xml:76:21-50
activity#com.roblox.client.ActivityNativeMain
ADDED from Android\NativeShell\AndroidManifest.xml:79:5-90:16
	android:label
		ADDED from Android\NativeShell\AndroidManifest.xml:82:9-43
	android:launchMode
		ADDED from Android\NativeShell\AndroidManifest.xml:85:9-40
	android:windowSoftInputMode
		ADDED from Android\NativeShell\AndroidManifest.xml:81:9-48
	android:alwaysRetainTaskState
		ADDED from Android\NativeShell\AndroidManifest.xml:83:9-45
	android:theme
		ADDED from Android\NativeShell\AndroidManifest.xml:84:9-44
	android:name
		ADDED from Android\NativeShell\AndroidManifest.xml:80:9-43
activity#com.roblox.client.ActivityAdColony
ADDED from Android\NativeShell\AndroidManifest.xml:91:5-105:16
	android:screenOrientation
		ADDED from Android\NativeShell\AndroidManifest.xml:94:9-52
	android:label
		ADDED from Android\NativeShell\AndroidManifest.xml:93:9-43
	android:launchMode
		ADDED from Android\NativeShell\AndroidManifest.xml:95:9-39
	android:theme
		ADDED from Android\NativeShell\AndroidManifest.xml:96:9-55
	android:name
		ADDED from Android\NativeShell\AndroidManifest.xml:92:9-41
meta-data#android.support.PARENT_ACTIVITY
ADDED from Android\NativeShell\AndroidManifest.xml:98:9-100:64
	android:value
		ADDED from Android\NativeShell\AndroidManifest.xml:100:9-61
	android:name
		ADDED from Android\NativeShell\AndroidManifest.xml:99:9-55
activity#com.roblox.client.ActivityGlView
ADDED from Android\NativeShell\AndroidManifest.xml:106:5-119:13
	android:process
		ADDED from Android\NativeShell\AndroidManifest.xml:111:9-34
	android:screenOrientation
		ADDED from Android\NativeShell\AndroidManifest.xml:108:9-52
	android:label
		ADDED from Android\NativeShell\AndroidManifest.xml:109:9-43
	android:launchMode
		ADDED from Android\NativeShell\AndroidManifest.xml:112:9-40
	android:windowSoftInputMode
		ADDED from Android\NativeShell\AndroidManifest.xml:110:9-51
	android:configChanges
		ADDED from Android\NativeShell\AndroidManifest.xml:113:3-49
	android:theme
		ADDED from Android\NativeShell\AndroidManifest.xml:114:9-60
	android:name
		ADDED from Android\NativeShell\AndroidManifest.xml:107:9-39
activity#com.roblox.client.ActivityCurlTest
ADDED from Android\NativeShell\AndroidManifest.xml:120:5-130:16
	android:screenOrientation
		ADDED from Android\NativeShell\AndroidManifest.xml:122:9-52
	android:label
		ADDED from Android\NativeShell\AndroidManifest.xml:123:9-43
	android:launchMode
		ADDED from Android\NativeShell\AndroidManifest.xml:124:9-39
	android:theme
		ADDED from Android\NativeShell\AndroidManifest.xml:125:9-55
	android:name
		ADDED from Android\NativeShell\AndroidManifest.xml:121:9-58
activity#com.jirbo.adcolony.AdColonyOverlay
ADDED from Android\NativeShell\AndroidManifest.xml:133:2-135:75
	android:configChanges
		ADDED from Android\NativeShell\AndroidManifest.xml:134:2-63
	android:theme
		ADDED from Android\NativeShell\AndroidManifest.xml:135:2-72
	android:name
		ADDED from Android\NativeShell\AndroidManifest.xml:133:12-61
activity#com.jirbo.adcolony.AdColonyFullscreen
ADDED from Android\NativeShell\AndroidManifest.xml:137:2-139:69
	android:configChanges
		ADDED from Android\NativeShell\AndroidManifest.xml:138:2-63
	android:theme
		ADDED from Android\NativeShell\AndroidManifest.xml:139:2-66
	android:name
		ADDED from Android\NativeShell\AndroidManifest.xml:137:12-64
activity#com.jirbo.adcolony.AdColonyBrowser
ADDED from Android\NativeShell\AndroidManifest.xml:141:2-143:69
	android:configChanges
		ADDED from Android\NativeShell\AndroidManifest.xml:142:2-63
	android:theme
		ADDED from Android\NativeShell\AndroidManifest.xml:143:2-66
	android:name
		ADDED from Android\NativeShell\AndroidManifest.xml:141:12-61
activity#com.gigya.socialize.android.ui.HostActivity
ADDED from Android\NativeShell\AndroidManifest.xml:145:3-147:69
	android:theme
		ADDED from Android\NativeShell\AndroidManifest.xml:147:7-66
	android:name
		ADDED from Android\NativeShell\AndroidManifest.xml:146:7-65
activity#com.gigya.socialize.android.login.providers.WebLoginActivity
ADDED from Android\NativeShell\AndroidManifest.xml:149:3-161:14
	android:launchMode
		ADDED from Android\NativeShell\AndroidManifest.xml:152:7-38
	android:allowTaskReparenting
		ADDED from Android\NativeShell\AndroidManifest.xml:151:7-42
	android:theme
		ADDED from Android\NativeShell\AndroidManifest.xml:153:7-66
	android:name
		ADDED from Android\NativeShell\AndroidManifest.xml:150:7-82
meta-data#com.facebook.sdk.ApplicationId
ADDED from Android\NativeShell\AndroidManifest.xml:163:3-165:40
	android:value
		ADDED from Android\NativeShell\AndroidManifest.xml:165:7-37
	android:name
		ADDED from Android\NativeShell\AndroidManifest.xml:164:7-52
activity#com.facebook.FacebookActivity
ADDED from Android\NativeShell\AndroidManifest.xml:167:3-171:44
	android:label
		ADDED from Android\NativeShell\AndroidManifest.xml:171:7-41
	android:configChanges
		ADDED from Android\NativeShell\AndroidManifest.xml:168:7-102
	android:theme
		ADDED from Android\NativeShell\AndroidManifest.xml:170:7-66
	android:name
		ADDED from Android\NativeShell\AndroidManifest.xml:167:13-57
activity#com.roblox.client.test.TestHelperActivity
ADDED from Android\NativeShell\AndroidManifest.xml:173:3-65
	android:name
		ADDED from Android\NativeShell\AndroidManifest.xml:173:13-52
receiver#com.mobileapptracker.Tracker
ADDED from Android\NativeShell\AndroidManifest.xml:176:5-180:16
	android:exported
		ADDED from Android\NativeShell\AndroidManifest.xml:176:59-82
	android:name
		ADDED from Android\NativeShell\AndroidManifest.xml:176:15-58
intent-filter#com.android.vending.INSTALL_REFERRER
ADDED from Android\NativeShell\AndroidManifest.xml:177:9-179:25
action#com.android.vending.INSTALL_REFERRER
ADDED from Android\NativeShell\AndroidManifest.xml:178:13-75
	android:name
		ADDED from Android\NativeShell\AndroidManifest.xml:178:21-72
receiver#com.amazon.device.iap.ResponseReceiver
ADDED from Android\NativeShell\AndroidManifest.xml:183:5-188:13
	android:name
		ADDED from Android\NativeShell\AndroidManifest.xml:183:15-70
intent-filter#com.amazon.inapp.purchasing.NOTIFY
ADDED from Android\NativeShell\AndroidManifest.xml:184:5-187:21
action#com.amazon.inapp.purchasing.NOTIFY
ADDED from Android\NativeShell\AndroidManifest.xml:185:7-186:82
	android:permission
		ADDED from Android\NativeShell\AndroidManifest.xml:186:11-79
	android:name
		ADDED from Android\NativeShell\AndroidManifest.xml:185:15-66
activity#com.roblox.client.ReCaptchaActivity
ADDED from Android\NativeShell\AndroidManifest.xml:190:7-192:91
	android:label
		ADDED from Android\NativeShell\AndroidManifest.xml:191:9-45
	android:theme
		ADDED from Android\NativeShell\AndroidManifest.xml:192:9-79
	android:name
		ADDED from Android\NativeShell\AndroidManifest.xml:190:17-50